<?xml version="1.0" encoding="UTF-8"?>
<testsuite xmlns:xsi="http://www.w3.org/2001/XMLSchema-instance" xsi:noNamespaceSchemaLocation="https://maven.apache.org/surefire/maven-surefire-plugin/xsd/surefire-test-report-3.0.xsd" version="3.0" name="com.example.hellomaven.AppTest" time="0.041" tests="1" errors="0" skipped="0" failures="0">
  <properties>
    <property name="java.specification.version" value="17"/>
    <property name="sun.cpu.isalist" value="amd64"/>
    <property name="sun.jnu.encoding" value="Cp1252"/>
    <property name="java.class.path" value="C:\Users\mshem\eclipse-workspace\hellomaven\target\test-classes;C:\Users\mshem\eclipse-workspace\hellomaven\target\classes;C:\Users\mshem\.m2\repository\junit\junit\3.8.1\junit-3.8.1.jar;"/>
    <property name="java.vm.vendor" value="Oracle Corporation"/>
    <property name="sun.arch.data.model" value="64"/>
    <property name="user.variant" value=""/>
    <property name="java.vendor.url" value="https://java.oracle.com/"/>
    <property name="user.timezone" value="Asia/Calcutta"/>
    <property name="os.name" value="Windows 11"/>
    <property name="java.vm.specification.version" value="17"/>
    <property name="sun.java.launcher" value="SUN_STANDARD"/>
    <property name="user.country" value="US"/>
    <property name="sun.boot.library.path" value="C:\Users\mshem\Downloads\jdk-17.0.14_windows-x64_bin\jdk-17.0.14\bin"/>
    <property name="sun.java.command" value="C:\Users\mshem\AppData\Local\Temp\surefire5299395758124733599\surefirebooter-20250507212728989_3.jar C:\Users\mshem\AppData\Local\Temp\surefire5299395758124733599 2025-05-07T21-27-28_487-jvmRun1 surefire-20250507212728989_1tmp surefire_0-20250507212728989_2tmp"/>
    <property name="jdk.debug" value="release"/>
    <property name="surefire.test.class.path" value="C:\Users\mshem\eclipse-workspace\hellomaven\target\test-classes;C:\Users\mshem\eclipse-workspace\hellomaven\target\classes;C:\Users\mshem\.m2\repository\junit\junit\3.8.1\junit-3.8.1.jar;"/>
    <property name="sun.cpu.endian" value="little"/>
    <property name="user.home" value="C:\Users\mshem"/>
    <property name="user.language" value="en"/>
    <property name="java.specification.vendor" value="Oracle Corporation"/>
    <property name="java.version.date" value="2025-01-21"/>
    <property name="java.home" value="C:\Users\mshem\Downloads\jdk-17.0.14_windows-x64_bin\jdk-17.0.14"/>
    <property name="file.separator" value="\"/>
    <property name="basedir" value="C:\Users\mshem\eclipse-workspace\hellomaven"/>
    <property name="java.vm.compressedOopsMode" value="32-bit"/>
    <property name="line.separator" value="&#10;"/>
    <property name="java.vm.specification.vendor" value="Oracle Corporation"/>
    <property name="java.specification.name" value="Java Platform API Specification"/>
    <property name="surefire.real.class.path" value="C:\Users\mshem\AppData\Local\Temp\surefire5299395758124733599\surefirebooter-20250507212728989_3.jar"/>
    <property name="user.script" value=""/>
    <property name="sun.management.compiler" value="HotSpot 64-Bit Tiered Compilers"/>
    <property name="java.runtime.version" value="17.0.14+8-LTS-191"/>
    <property name="user.name" value="mshem"/>
    <property name="path.separator" value=";"/>
    <property name="os.version" value="10.0"/>
    <property name="java.runtime.name" value="Java(TM) SE Runtime Environment"/>
    <property name="file.encoding" value="Cp1252"/>
    <property name="java.vm.name" value="Java HotSpot(TM) 64-Bit Server VM"/>
    <property name="localRepository" value="C:\Users\mshem\.m2\repository"/>
    <property name="java.vendor.url.bug" value="https://bugreport.java.com/bugreport/"/>
    <property name="java.io.tmpdir" value="C:\Users\mshem\AppData\Local\Temp\"/>
    <property name="java.version" value="17.0.14"/>
    <property name="user.dir" value="C:\Users\mshem\eclipse-workspace\hellomaven"/>
    <property name="os.arch" value="amd64"/>
    <property name="java.vm.specification.name" value="Java Virtual Machine Specification"/>
    <property name="sun.os.patch.level" value=""/>
    <property name="native.encoding" value="Cp1252"/>
    <property name="java.library.path" value="C:\Users\mshem\Downloads\jdk-17.0.14_windows-x64_bin\jdk-17.0.14\bin;C:\Windows\Sun\Java\bin;C:\Windows\system32;C:\Windows;C:\Windows\system32;C:\Windows;C:\Windows\System32\Wbem;C:\Windows\System32\WindowsPowerShell\v1.0\;C:\Windows\System32\OpenSSH\;C:\Program Files\Git\cmd;C:\Program Files\nodejs\;C:\ProgramData\Microsoft\Windows\Start Menu\Programs\Node.js;C:\Users\mshem\Downloads\apache-maven-3.9.9-bin.zip\apache-maven-3.9.9\bin;C:\Users\mshem\Downloads\apache-maven-3.9.9-bin\apache-maven-3.9.9\bin;C:\Users\mshem\Downloads\gradle-8.13-bin.zip\gradle-8.13\bin;C:\Users\mshem\Downloads\jdk-17.0.14_windows-x64_bin\jdk-17.0.14\bin;C:\Users\mshem\AppData\Local\Microsoft\WindowsApps;C:\Users\mshem\AppData\Local\Programs\Microsoft VS Code\bin;C:\Users\mshem\AppData\Local\Programs\MiKTeX\miktex\bin\x64\;C:\MinGW\bin;C:\Users\mshem\AppData\Roaming\npm;C:\Users\mshem\AppData\Roaming\Microsoft\Windows\Start Menu\Programs\MongoDB Inc;C:\Users\mshem\AppData\Roaming\Microsoft\Windows\Start Menu\Programs\MongoDB Inc;C:\Users\mshem\Downloads\gradle-8.13-bin.zip\gradle-8.13\bin;C:\Users\mshem\Downloads\jdk-17.0.14_windows-x64_bin\jdk-17.0.14\bin;;."/>
    <property name="java.vm.info" value="mixed mode, sharing"/>
    <property name="java.vendor" value="Oracle Corporation"/>
    <property name="java.vm.version" value="17.0.14+8-LTS-191"/>
    <property name="java.specification.maintenance.version" value="1"/>
    <property name="sun.io.unicode.encoding" value="UnicodeLittle"/>
    <property name="java.class.version" value="61.0"/>
  </properties>
  <testcase name="testApp" classname="com.example.hellomaven.AppTest" time="0.005"/>
</testsuite>